서울 44지점 | 202406010000~202410010000 | 180분 창 | 강우창 396개(커버 2025-08-31)
  진행 202409070000 | 받음 20 스킵 707 | 16.7s/창
  진행 202409130600 | 받음 40 스킵 707 | 18.0s/창
  진행 202409190300 | 받음 60 스킵 707 | 15.2s/창
완료: 받음 78 스킵 707 마른창생략 191 | 저장 data/aws_seoul/win
→ 합치기: python -c "import pandas as pd,glob; pd.concat([pd.read_parquet(f) for f in glob.glob('data/aws_seoul/win/*.parquet')]).to_parquet('data/aws_seoul_rain.parquet')"
--- 2024 끝 ---
서울 44지점 | 202506010000~202510010000 | 180분 창 | 강우창 261개(커버 2025-08-31)
  진행 202506161200 | 받음 20 스킵 0 | 5.8s/창
  진행 202506211500 | 받음 40 스킵 0 | 5.8s/창
  진행 202506281500 | 받음 60 스킵 0 | 5.6s/창
  진행 202507131800 | 받음 80 스킵 0 | 7.0s/창
  진행 202507160600 | 받음 100 스킵 0 | 8.0s/창
  진행 202507181800 | 받음 120 스킵 0 | 8.7s/창
  진행 202507220900 | 받음 140 스킵 0 | 10.0s/창
  진행 202508040600 | 받음 160 스킵 0 | 9.9s/창
  진행 202508090900 | 받음 180 스킵 0 | 9.4s/창
  진행 202508131500 | 받음 200 스킵 0 | 9.1s/창
  진행 202508190600 | 받음 220 스킵 0 | 8.9s/창
  진행 202508260300 | 받음 240 스킵 0 | 8.8s/창
  진행 202508311800 | 받음 260 스킵 0 | 8.6s/창
  진행 202509030600 | 받음 280 스킵 0 | 8.4s/창
  진행 202509051800 | 받음 300 스킵 0 | 8.3s/창
  진행 202509080600 | 받음 320 스킵 0 | 8.2s/창
  진행 202509101800 | 받음 340 스킵 0 | 8.1s/창
  진행 202509130600 | 받음 360 스킵 0 | 7.9s/창
  오류(403) '{\n  "result" : {\n    "status" : 403,\n    "message" : "일일 최대 호출 용량 제한으로 사용할 수 없습니'
  오류(403) '{\n  "result" : {\n    "status" : 403,\n    "message" : "일일 최대 호출 용량 제한으로 사용할 수 없습니'
  오류(403) '{\n  "result" : {\n    "status" : 403,\n    "message" : "일일 최대 호출 용량 제한으로 사용할 수 없습니'
  [202509130900] 실패 — 중단(나중에 재실행하면 이어받음)
완료: 받음 360 스킵 0 마른창생략 475 | 저장 data/aws_seoul/win
→ 합치기: python -c "import pandas as pd,glob; pd.concat([pd.read_parquet(f) for f in glob.glob('data/aws_seoul/win/*.parquet')]).to_parquet('data/aws_seoul_rain.parquet')"
=== 전체 완료 ===
